<?xml version="1.0" encoding="UTF-8"?>
<testng-results skipped="0" failed="0" ignored="0" total="1" passed="1">
  <reporter-output>
  </reporter-output>
  <suite name="Default suite" duration-ms="73584" started-at="2020-01-21T03:35:04Z" finished-at="2020-01-21T03:36:17Z">
    <groups>
    </groups>
    <test name="Default test" duration-ms="73584" started-at="2020-01-21T03:35:04Z" finished-at="2020-01-21T03:36:17Z">
      <class name="com.training.sanity.tests.CYTC_041LoanRepayment">
        <test-method status="PASS" signature="setUpBeforeClass()[pri:0, instance:com.training.sanity.tests.CYTC_041LoanRepayment@27efef64]" name="setUpBeforeClass" is-config="true" duration-ms="31" started-at="2020-01-21T03:35:04Z" finished-at="2020-01-21T03:35:04Z">
          <reporter-output>
          </reporter-output>
        </test-method> <!-- setUpBeforeClass -->
        <test-method status="PASS" signature="setUp()[pri:0, instance:com.training.sanity.tests.CYTC_041LoanRepayment@27efef64]" name="setUp" is-config="true" duration-ms="35400" started-at="2020-01-21T03:35:04Z" finished-at="2020-01-21T03:35:39Z">
          <reporter-output>
          </reporter-output>
        </test-method> <!-- setUp -->
        <test-method status="PASS" signature="validLoginTest()[pri:0, instance:com.training.sanity.tests.CYTC_041LoanRepayment@27efef64]" name="validLoginTest" duration-ms="37093" started-at="2020-01-21T03:35:39Z" finished-at="2020-01-21T03:36:16Z">
          <reporter-output>
          </reporter-output>
        </test-method> <!-- validLoginTest -->
        <test-method status="PASS" signature="tearDown()[pri:0, instance:com.training.sanity.tests.CYTC_041LoanRepayment@27efef64]" name="tearDown" is-config="true" duration-ms="1004" started-at="2020-01-21T03:36:16Z" finished-at="2020-01-21T03:36:17Z">
          <reporter-output>
          </reporter-output>
        </test-method> <!-- tearDown -->
      </class> <!-- com.training.sanity.tests.CYTC_041LoanRepayment -->
    </test> <!-- Default test -->
  </suite> <!-- Default suite -->
</testng-results>
